<?xml version="1.0" encoding="utf-8"?>
<!--This file represents the results of running a test suite-->
<test-results name="Unity Tests" total="25" errors="0" failures="0" not-run="0" inconclusive="24" ignored="0" skipped="0" invalid="0" date="2014-04-16" time="14:01:01">
  <environment nunit-version="2.6.2-Unity" clr-version="2.0.50727.1433" os-version="Microsoft Windows NT 6.1.7601.0" platform="Win32NT" cwd="C:\Users\Sahaj\Documents\GitHub\maarijzCode\EdulandTheGame" machine-name="SURI" user="Sahaj" user-domain="SURI" />
  <culture-info current-culture="en-US" current-uiculture="en-US" />
  <test-suite name="Unit Tests" type="Assembly" executed="True" result="Success" success="True" time="0.029">
    <results>
      <test-case name="JavaScriptUnitTests.JavaScriptTest" executed="False" result="Inconclusive">
        <reason>
          <message>
          </message>
        </reason>
      </test-case>
      <test-case name="UnityTest.BooUnitTests.BooTest" executed="False" result="Inconclusive">
        <reason>
          <message>
          </message>
        </reason>
      </test-case>
      <test-case name="EdulandUnitTest.PlayerMoveTest.obstacleDestroyed" executed="False" result="Inconclusive">
        <reason>
          <message>
          </message>
        </reason>
      </test-case>
      <test-case name="UnityTest.NSubstituteDemo.RegisteredEventListenersGetEvents" executed="False" result="Inconclusive">
        <reason>
          <message>
          </message>
        </reason>
      </test-case>
      <test-case name="UnityTest.SampleTests.CultureSpecificTest" executed="False" result="Inconclusive">
        <reason>
          <message>
          </message>
        </reason>
      </test-case>
      <test-case name="UnityTest.SampleTests.ExceptionTest" executed="False" result="Inconclusive">
        <reason>
          <message>
          </message>
        </reason>
      </test-case>
      <test-case name="UnityTest.SampleTests.ExpectedExceptionTest" executed="False" result="Inconclusive">
        <reason>
          <message>
          </message>
        </reason>
      </test-case>
      <test-case name="UnityTest.SampleTests.FailingTest" executed="False" result="Inconclusive">
        <reason>
          <message>
          </message>
        </reason>
      </test-case>
      <test-case name="UnityTest.SampleTests.IgnoredTest" executed="False" result="Inconclusive">
        <reason>
          <message>
          </message>
        </reason>
      </test-case>
      <test-case name="UnityTest.SampleTests.InconclusiveTest" executed="False" result="Inconclusive">
        <reason>
          <message>
          </message>
        </reason>
      </test-case>
      <test-case name="UnityTest.SampleTests.ParameterizedTest(1)" executed="False" result="Inconclusive">
        <reason>
          <message>
          </message>
        </reason>
      </test-case>
      <test-case name="UnityTest.SampleTests.ParameterizedTest(2)" executed="False" result="Inconclusive">
        <reason>
          <message>
          </message>
        </reason>
      </test-case>
      <test-case name="UnityTest.SampleTests.ParameterizedTest(3)" executed="False" result="Inconclusive">
        <reason>
          <message>
          </message>
        </reason>
      </test-case>
      <test-case name="UnityTest.SampleTests.PassingTest" executed="False" result="Inconclusive">
        <reason>
          <message>
          </message>
        </reason>
      </test-case>
      <test-case name="UnityTest.SampleTests.RangeTest(1)" executed="False" result="Inconclusive">
        <reason>
          <message>
          </message>
        </reason>
      </test-case>
      <test-case name="UnityTest.SampleTests.RangeTest(4)" executed="False" result="Inconclusive">
        <reason>
          <message>
          </message>
        </reason>
      </test-case>
      <test-case name="UnityTest.SampleTests.RangeTest(7)" executed="False" result="Inconclusive">
        <reason>
          <message>
          </message>
        </reason>
      </test-case>
      <test-case name="UnityTest.SampleTests.RangeTest(10)" executed="False" result="Inconclusive">
        <reason>
          <message>
          </message>
        </reason>
      </test-case>
      <test-case name="UnityTest.SampleTests.SlowTest" executed="False" result="Inconclusive">
        <reason>
          <message>
          </message>
        </reason>
      </test-case>
      <test-case name="UnityTest.SampleTests.SquareRootDefinition(0.0d)" executed="False" result="Inconclusive">
        <reason>
          <message>
          </message>
        </reason>
      </test-case>
      <test-case name="UnityTest.SampleTests.SquareRootDefinition(1.0d)" executed="False" result="Inconclusive">
        <reason>
          <message>
          </message>
        </reason>
      </test-case>
      <test-case name="UnityTest.SampleTests.SquareRootDefinition(-1.0d)" executed="False" result="Inconclusive">
        <reason>
          <message>
          </message>
        </reason>
      </test-case>
      <test-case name="UnityTest.SampleTests.SquareRootDefinition(double.MaxValue)" executed="False" result="Inconclusive">
        <reason>
          <message>
          </message>
        </reason>
      </test-case>
      <test-case name="UnityTest.SampleTests.SquareRootDefinition(double.PositiveInfinity)" executed="False" result="Inconclusive">
        <reason>
          <message>
          </message>
        </reason>
      </test-case>
      <test-case name="EdulandUnitTest.PlayerMoveTest.counter" executed="True" result="Success" success="True" time="0.029">
      </test-case>
    </results>
  </test-suite>
</test-results>
alse" result="Inconclusive">
        <reason>
          <message>
          </message>
        </reason>
      </test-case>
      <test-case name="UnityTest.SampleTests.SquareRootDefinition(double.PositiveInfinity)" executed="False" result="Inconclusive">
        <reason>
          <message>
          </message>
        </reason>
      </test-case>
    </results>
  </test-suite>
</test-results>
message>
<![CDATA[  Expected: True
  But was:  False
]]>
          </message>
        </reason>
      </test-case>
      <test-case name="UnityTest.SampleTests.SquareRootDefinition(double.PositiveInfinity)" executed="True" result="Inconclusive" success="False" time="0.001">
        <reason>
          <message>
<![CDATA[  Expected: True
  But was:  False
]]>
          </message>
        </reason>
      </test-case>
    </results>
  </test-suite>
</test-results>
